Using pre-set license

 COMMAND LINE ARGUMENTS:
/Applications/Unity/Hub/Editor/2020.2.7f1/Unity.app/Contents/MacOS/Unity
-adb2
-batchMode
-noUpm
-name
AssetImportWorker0
-projectPath
/Users/jasonkeller/Documents/GitHub/Gunthors-Adventure/Gunthor's Adventure
-logFile
Logs/AssetImportWorker0.log
-srvPort
53468
Successfully changed project path to: /Users/jasonkeller/Documents/GitHub/Gunthors-Adventure/Gunthor's Adventure
/Users/jasonkeller/Documents/GitHub/Gunthors-Adventure/Gunthor's Adventure
Using Asset Import Pipeline V2.
Refreshing native plugins compatible for Editor in 125.75 ms, found 2 plugins.
Preloading 0 native plugins for Editor in 0.00 ms.
Initialize engine version: 2020.2.7f1 (c53830e277f1)
[Subsystems] Discovering subsystems at path /Applications/Unity/Hub/Editor/2020.2.7f1/Unity.app/Contents/Resources/UnitySubsystems
[Subsystems] Discovering subsystems at path /Users/jasonkeller/Documents/GitHub/Gunthors-Adventure/Gunthor's Adventure/Assets
GfxDevice: creating device client; threaded=0
2021-04-24 17:05:10.019 Unity[19268:2412205] DELL P4317Q preferred device: NVIDIA Quadro K5000 (high power)
2021-04-24 17:05:10.019 Unity[19268:2412205] Metal devices available: 1
2021-04-24 17:05:10.020 Unity[19268:2412205] 0: NVIDIA Quadro K5000 (high power)
2021-04-24 17:05:10.021 Unity[19268:2412205] Using device NVIDIA Quadro K5000 (high power)
Initializing Metal device caps: NVIDIA Quadro K5000
Initialize mono
Mono path[0] = '/Applications/Unity/Hub/Editor/2020.2.7f1/Unity.app/Contents/Managed'
Mono path[1] = '/Applications/Unity/Hub/Editor/2020.2.7f1/Unity.app/Contents/MonoBleedingEdge/lib/mono/unityjit'
Mono config path = '/Applications/Unity/Hub/Editor/2020.2.7f1/Unity.app/Contents/MonoBleedingEdge/etc'
Using monoOptions --debugger-agent=transport=dt_socket,embedding=1,server=y,suspend=n,address=127.0.0.1:56268
Begin MonoManager ReloadAssembly
Registering precompiled unity dll's ...
Register platform support module: /Applications/Unity/Hub/Editor/2020.2.7f1/Unity.app/Contents/PlaybackEngines/MacStandaloneSupport/UnityEditor.OSXStandalone.Extensions.dll
Registered in 0.001116 seconds.
Native extension for OSXStandalone target not found
Refreshing native plugins compatible for Editor in 115.76 ms, found 2 plugins.
Preloading 0 native plugins for Editor in 0.00 ms.
Invoked RoslynAnalysisRunner static constructor.
RoslynAnalysisRunner will not be running.
RoslynAnalysisRunner has terminated.
Mono: successfully reloaded assembly
- Completed reload, in  4.194 seconds
Platform modules already initialized, skipping
Registering precompiled user dll's ...
Registered in 0.006766 seconds.
Begin MonoManager ReloadAssembly
Native extension for OSXStandalone target not found
Refreshing native plugins compatible for Editor in 117.90 ms, found 2 plugins.
Preloading 0 native plugins for Editor in 0.00 ms.
Invoked RoslynAnalysisRunner static constructor.
RoslynAnalysisRunner will not be running.
RoslynAnalysisRunner has terminated.
Mono: successfully reloaded assembly
- Completed reload, in  2.143 seconds
Platform modules already initialized, skipping
========================================================================
Worker process is ready to serve import requests
Launching external process: /Applications/Unity/Hub/Editor/2020.2.7f1/Unity.app/Contents/Tools/UnityShaderCompiler
Launched and connected shader compiler UnityShaderCompiler after 0.03 seconds
Refreshing native plugins compatible for Editor in 1.10 ms, found 2 plugins.
Preloading 0 native plugins for Editor in 0.00 ms.
Unloading 1995 Unused Serialized files (Serialized files now loaded: 0)
System memory in use before: 155.3 MB.
System memory in use after: 155.3 MB.

Unloading 24 unused Assets to reduce memory usage. Loaded Objects now: 2439.
Total: 4.284288 ms (FindLiveObjects: 0.418107 ms CreateObjectMapping: 0.133446 ms MarkObjects: 3.447097 ms  DeleteObjects: 0.282958 ms)

========================================================================
Received Import Request.
  path: Assets/Scenes/HouseInterior 1.unity
  artifactKey: Guid(8898230d1a62c4eda8b50f15e2559623) Importer(815301076,1909f56bfc062723c751e8b465ee728b)
Start importing Assets/Scenes/HouseInterior 1.unity using Guid(8898230d1a62c4eda8b50f15e2559623) Importer(815301076,1909f56bfc062723c751e8b465ee728b)  -> (artifact id: '367f635d0e59ecde578bf3dfed08a3f8') in 0.028844 seconds
  Import took 0.034908 seconds .

========================================================================
Received Import Request.
  Time since last request: 6.799717 seconds.
  path: Assets/Scenes/Cutscene.unity
  artifactKey: Guid(8898230d1a62c4eda8b50f15e2559623) Importer(815301076,1909f56bfc062723c751e8b465ee728b)
Start importing Assets/Scenes/Cutscene.unity using Guid(8898230d1a62c4eda8b50f15e2559623) Importer(815301076,1909f56bfc062723c751e8b465ee728b)  -> (artifact id: '8b4220fbdad9b036d4974d6b91a0a898') in 0.002855 seconds
  Import took 0.008692 seconds .

========================================================================
Received Import Request.
  Time since last request: 157.111123 seconds.
  path: Assets/Timeline
  artifactKey: Guid(194143389836a44e490209d5e565981c) Importer(815301076,1909f56bfc062723c751e8b465ee728b)
Start importing Assets/Timeline using Guid(194143389836a44e490209d5e565981c) Importer(815301076,1909f56bfc062723c751e8b465ee728b)  -> (artifact id: 'f38653ab4cd5e6fdbaa15445daaa33c8') in 0.007337 seconds
  Import took 0.013284 seconds .

========================================================================
Received Import Request.
  Time since last request: 20.287010 seconds.
  path: Assets/Timeline/OpeningCutscene.playable
  artifactKey: Guid(d8b4fefe643b64c73b77c5b4c3384cd5) Importer(815301076,1909f56bfc062723c751e8b465ee728b)
Start importing Assets/Timeline/OpeningCutscene.playable using Guid(d8b4fefe643b64c73b77c5b4c3384cd5) Importer(815301076,1909f56bfc062723c751e8b465ee728b)  -> (artifact id: '6c7e0a77ec32c6b4ad8bcb5a54905742') in 0.296342 seconds
  Import took 0.302230 seconds .

========================================================================
Received Import Request.
  Time since last request: 41.207685 seconds.
  path: Assets/Timeline/Opening Cutscene.playable
  artifactKey: Guid(d8b4fefe643b64c73b77c5b4c3384cd5) Importer(815301076,1909f56bfc062723c751e8b465ee728b)
Start importing Assets/Timeline/Opening Cutscene.playable using Guid(d8b4fefe643b64c73b77c5b4c3384cd5) Importer(815301076,1909f56bfc062723c751e8b465ee728b)  -> (artifact id: 'b7ab3d371fa5f1f26fb44031fa103f1a') in 0.008354 seconds
  Import took 0.014644 seconds .

========================================================================
Received Prepare
Registering precompiled user dll's ...
Registered in 0.001717 seconds.
Begin MonoManager ReloadAssembly
Native extension for OSXStandalone target not found
Refreshing native plugins compatible for Editor in 1.14 ms, found 2 plugins.
Preloading 0 native plugins for Editor in 0.00 ms.
Invoked RoslynAnalysisRunner static constructor.
RoslynAnalysisRunner will not be running.
RoslynAnalysisRunner has terminated.
Mono: successfully reloaded assembly
- Completed reload, in  1.891 seconds
Platform modules already initialized, skipping
Refreshing native plugins compatible for Editor in 1.09 ms, found 2 plugins.
Preloading 0 native plugins for Editor in 0.00 ms.
Unloading 1977 Unused Serialized files (Serialized files now loaded: 0)
System memory in use before: 159.0 MB.
System memory in use after: 159.0 MB.

Unloading 12 unused Assets to reduce memory usage. Loaded Objects now: 2443.
Total: 3.933137 ms (FindLiveObjects: 0.370624 ms CreateObjectMapping: 0.132137 ms MarkObjects: 3.236767 ms  DeleteObjects: 0.191398 ms)

========================================================================
Received Import Request.
  Time since last request: 360.464237 seconds.
  path: Assets/Scriptable Objects/Player Position.asset
  artifactKey: Guid(80c509ac40f8248548ac4502ae46c67d) Importer(815301076,1909f56bfc062723c751e8b465ee728b)
Start importing Assets/Scriptable Objects/Player Position.asset using Guid(80c509ac40f8248548ac4502ae46c67d) Importer(815301076,1909f56bfc062723c751e8b465ee728b)  -> (artifact id: 'd204418f2ae404222b506b507526262f') in 0.377796 seconds
  Import took 0.384038 seconds .

========================================================================
Received Prepare
Registering precompiled user dll's ...
Registered in 0.001665 seconds.
Begin MonoManager ReloadAssembly
Native extension for OSXStandalone target not found
Refreshing native plugins compatible for Editor in 1.11 ms, found 2 plugins.
Preloading 0 native plugins for Editor in 0.00 ms.
Invoked RoslynAnalysisRunner static constructor.
RoslynAnalysisRunner will not be running.
RoslynAnalysisRunner has terminated.
Mono: successfully reloaded assembly
- Completed reload, in  1.786 seconds
Platform modules already initialized, skipping
Refreshing native plugins compatible for Editor in 1.10 ms, found 2 plugins.
Preloading 0 native plugins for Editor in 0.00 ms.
Unloading 1977 Unused Serialized files (Serialized files now loaded: 0)
System memory in use before: 163.5 MB.
System memory in use after: 163.5 MB.

Unloading 12 unused Assets to reduce memory usage. Loaded Objects now: 2447.
Total: 3.968027 ms (FindLiveObjects: 0.380135 ms CreateObjectMapping: 0.126066 ms MarkObjects: 3.262613 ms  DeleteObjects: 0.196808 ms)

========================================================================
Received Import Request.
  Time since last request: 54.433927 seconds.
  path: Assets/Scriptable Objects/Player Position.asset
  artifactKey: Guid(80c509ac40f8248548ac4502ae46c67d) Importer(815301076,1909f56bfc062723c751e8b465ee728b)
Start importing Assets/Scriptable Objects/Player Position.asset using Guid(80c509ac40f8248548ac4502ae46c67d) Importer(815301076,1909f56bfc062723c751e8b465ee728b)  -> (artifact id: '95ddbd84dfd9ab1e07b14902468c5b19') in 0.029798 seconds
  Import took 0.036003 seconds .

========================================================================
Received Prepare
Registering precompiled user dll's ...
Registered in 0.001728 seconds.
Begin MonoManager ReloadAssembly
Native extension for OSXStandalone target not found
Refreshing native plugins compatible for Editor in 1.08 ms, found 2 plugins.
Preloading 0 native plugins for Editor in 0.00 ms.
Invoked RoslynAnalysisRunner static constructor.
RoslynAnalysisRunner will not be running.
RoslynAnalysisRunner has terminated.
Mono: successfully reloaded assembly
- Completed reload, in  1.819 seconds
Platform modules already initialized, skipping
Refreshing native plugins compatible for Editor in 1.01 ms, found 2 plugins.
Preloading 0 native plugins for Editor in 0.00 ms.
Unloading 1977 Unused Serialized files (Serialized files now loaded: 0)
System memory in use before: 163.7 MB.
System memory in use after: 163.7 MB.

Unloading 12 unused Assets to reduce memory usage. Loaded Objects now: 2451.
Total: 3.975930 ms (FindLiveObjects: 0.416234 ms CreateObjectMapping: 0.130677 ms MarkObjects: 3.232636 ms  DeleteObjects: 0.193806 ms)

========================================================================
Received Prepare
Registering precompiled user dll's ...
Registered in 0.001711 seconds.
Begin MonoManager ReloadAssembly
Native extension for OSXStandalone target not found
Refreshing native plugins compatible for Editor in 1.09 ms, found 2 plugins.
Preloading 0 native plugins for Editor in 0.00 ms.
Invoked RoslynAnalysisRunner static constructor.
RoslynAnalysisRunner will not be running.
RoslynAnalysisRunner has terminated.
Mono: successfully reloaded assembly
- Completed reload, in  1.817 seconds
Platform modules already initialized, skipping
Refreshing native plugins compatible for Editor in 1.07 ms, found 2 plugins.
Preloading 0 native plugins for Editor in 0.00 ms.
Unloading 1977 Unused Serialized files (Serialized files now loaded: 0)
System memory in use before: 163.9 MB.
System memory in use after: 163.9 MB.

Unloading 12 unused Assets to reduce memory usage. Loaded Objects now: 2455.
Total: 4.101319 ms (FindLiveObjects: 0.436749 ms CreateObjectMapping: 0.134081 ms MarkObjects: 3.324210 ms  DeleteObjects: 0.203476 ms)

========================================================================
Received Prepare
Registering precompiled user dll's ...
Registered in 0.001676 seconds.
Begin MonoManager ReloadAssembly
Native extension for OSXStandalone target not found
Refreshing native plugins compatible for Editor in 1.07 ms, found 2 plugins.
Preloading 0 native plugins for Editor in 0.00 ms.
Invoked RoslynAnalysisRunner static constructor.
RoslynAnalysisRunner will not be running.
RoslynAnalysisRunner has terminated.
Mono: successfully reloaded assembly
- Completed reload, in  1.774 seconds
Platform modules already initialized, skipping
Refreshing native plugins compatible for Editor in 1.08 ms, found 2 plugins.
Preloading 0 native plugins for Editor in 0.00 ms.
Unloading 1977 Unused Serialized files (Serialized files now loaded: 0)
System memory in use before: 163.7 MB.
System memory in use after: 163.7 MB.

Unloading 12 unused Assets to reduce memory usage. Loaded Objects now: 2459.
Total: 3.969698 ms (FindLiveObjects: 0.397224 ms CreateObjectMapping: 0.127187 ms MarkObjects: 3.252268 ms  DeleteObjects: 0.190926 ms)

========================================================================
Received Prepare
Registering precompiled user dll's ...
Registered in 0.001543 seconds.
Begin MonoManager ReloadAssembly
Native extension for OSXStandalone target not found
Refreshing native plugins compatible for Editor in 1.09 ms, found 2 plugins.
Preloading 0 native plugins for Editor in 0.00 ms.
Invoked RoslynAnalysisRunner static constructor.
RoslynAnalysisRunner will not be running.
RoslynAnalysisRunner has terminated.
Mono: successfully reloaded assembly
- Completed reload, in  1.801 seconds
Platform modules already initialized, skipping
Refreshing native plugins compatible for Editor in 1.09 ms, found 2 plugins.
Preloading 0 native plugins for Editor in 0.00 ms.
Unloading 1977 Unused Serialized files (Serialized files now loaded: 0)
System memory in use before: 164.3 MB.
System memory in use after: 164.3 MB.

Unloading 12 unused Assets to reduce memory usage. Loaded Objects now: 2463.
Total: 3.931978 ms (FindLiveObjects: 0.423904 ms CreateObjectMapping: 0.125703 ms MarkObjects: 3.192736 ms  DeleteObjects: 0.187355 ms)

========================================================================
Received Prepare
Registering precompiled user dll's ...
Registered in 0.001637 seconds.
Begin MonoManager ReloadAssembly
Native extension for OSXStandalone target not found
Refreshing native plugins compatible for Editor in 1.12 ms, found 2 plugins.
Preloading 0 native plugins for Editor in 0.00 ms.
Invoked RoslynAnalysisRunner static constructor.
RoslynAnalysisRunner will not be running.
RoslynAnalysisRunner has terminated.
Mono: successfully reloaded assembly
- Completed reload, in  1.767 seconds
Platform modules already initialized, skipping
Refreshing native plugins compatible for Editor in 1.12 ms, found 2 plugins.
Preloading 0 native plugins for Editor in 0.00 ms.
Unloading 1977 Unused Serialized files (Serialized files now loaded: 0)
System memory in use before: 164.1 MB.
System memory in use after: 164.1 MB.

Unloading 12 unused Assets to reduce memory usage. Loaded Objects now: 2467.
Total: 3.914610 ms (FindLiveObjects: 0.405927 ms CreateObjectMapping: 0.125705 ms MarkObjects: 3.189525 ms  DeleteObjects: 0.191263 ms)

========================================================================
Received Prepare
Registering precompiled user dll's ...
Registered in 0.001637 seconds.
Begin MonoManager ReloadAssembly
Native extension for OSXStandalone target not found
Refreshing native plugins compatible for Editor in 1.13 ms, found 2 plugins.
Preloading 0 native plugins for Editor in 0.00 ms.
Invoked RoslynAnalysisRunner static constructor.
RoslynAnalysisRunner will not be running.
RoslynAnalysisRunner has terminated.
Mono: successfully reloaded assembly
- Completed reload, in  1.810 seconds
Platform modules already initialized, skipping
Refreshing native plugins compatible for Editor in 1.06 ms, found 2 plugins.
Preloading 0 native plugins for Editor in 0.00 ms.
Unloading 1977 Unused Serialized files (Serialized files now loaded: 0)
System memory in use before: 164.7 MB.
System memory in use after: 164.7 MB.

Unloading 12 unused Assets to reduce memory usage. Loaded Objects now: 2471.
Total: 3.890694 ms (FindLiveObjects: 0.384361 ms CreateObjectMapping: 0.126548 ms MarkObjects: 3.190592 ms  DeleteObjects: 0.187046 ms)

========================================================================
Received Prepare
Registering precompiled user dll's ...
Registered in 0.001422 seconds.
Begin MonoManager ReloadAssembly
Native extension for OSXStandalone target not found
Refreshing native plugins compatible for Editor in 1.10 ms, found 2 plugins.
Preloading 0 native plugins for Editor in 0.00 ms.
Invoked RoslynAnalysisRunner static constructor.
RoslynAnalysisRunner will not be running.
RoslynAnalysisRunner has terminated.
Mono: successfully reloaded assembly
- Completed reload, in  1.777 seconds
Platform modules already initialized, skipping
Refreshing native plugins compatible for Editor in 1.07 ms, found 2 plugins.
Preloading 0 native plugins for Editor in 0.00 ms.
Unloading 1977 Unused Serialized files (Serialized files now loaded: 0)
System memory in use before: 164.5 MB.
System memory in use after: 164.5 MB.

Unloading 12 unused Assets to reduce memory usage. Loaded Objects now: 2475.
Total: 3.928558 ms (FindLiveObjects: 0.420513 ms CreateObjectMapping: 0.125909 ms MarkObjects: 3.170191 ms  DeleteObjects: 0.209359 ms)

========================================================================
Received Prepare
Registering precompiled user dll's ...
Registered in 0.001599 seconds.
Begin MonoManager ReloadAssembly
Native extension for OSXStandalone target not found
Refreshing native plugins compatible for Editor in 1.08 ms, found 2 plugins.
Preloading 0 native plugins for Editor in 0.00 ms.
Invoked RoslynAnalysisRunner static constructor.
RoslynAnalysisRunner will not be running.
RoslynAnalysisRunner has terminated.
Mono: successfully reloaded assembly
- Completed reload, in  1.783 seconds
Platform modules already initialized, skipping
Refreshing native plugins compatible for Editor in 1.08 ms, found 2 plugins.
Preloading 0 native plugins for Editor in 0.00 ms.
Unloading 1977 Unused Serialized files (Serialized files now loaded: 0)
System memory in use before: 164.7 MB.
System memory in use after: 164.7 MB.

Unloading 12 unused Assets to reduce memory usage. Loaded Objects now: 2479.
Total: 3.937521 ms (FindLiveObjects: 0.415182 ms CreateObjectMapping: 0.126929 ms MarkObjects: 3.198133 ms  DeleteObjects: 0.194789 ms)

========================================================================
Received Prepare
Registering precompiled user dll's ...
Registered in 0.001350 seconds.
Begin MonoManager ReloadAssembly
Native extension for OSXStandalone target not found
Refreshing native plugins compatible for Editor in 1.10 ms, found 2 plugins.
Preloading 0 native plugins for Editor in 0.00 ms.
Invoked RoslynAnalysisRunner static constructor.
RoslynAnalysisRunner will not be running.
RoslynAnalysisRunner has terminated.
Mono: successfully reloaded assembly
- Completed reload, in  1.803 seconds
Platform modules already initialized, skipping
Refreshing native plugins compatible for Editor in 1.00 ms, found 2 plugins.
Preloading 0 native plugins for Editor in 0.00 ms.
Unloading 1977 Unused Serialized files (Serialized files now loaded: 0)
System memory in use before: 165.2 MB.
System memory in use after: 165.2 MB.

Unloading 12 unused Assets to reduce memory usage. Loaded Objects now: 2483.
Total: 3.958242 ms (FindLiveObjects: 0.376532 ms CreateObjectMapping: 0.127271 ms MarkObjects: 3.269406 ms  DeleteObjects: 0.182698 ms)

========================================================================
Received Prepare
Registering precompiled user dll's ...
Registered in 0.001606 seconds.
Begin MonoManager ReloadAssembly
Native extension for OSXStandalone target not found
Refreshing native plugins compatible for Editor in 1.18 ms, found 2 plugins.
Preloading 0 native plugins for Editor in 0.00 ms.
Invoked RoslynAnalysisRunner static constructor.
RoslynAnalysisRunner will not be running.
RoslynAnalysisRunner has terminated.
Mono: successfully reloaded assembly
- Completed reload, in  1.773 seconds
Platform modules already initialized, skipping
Refreshing native plugins compatible for Editor in 1.14 ms, found 2 plugins.
Preloading 0 native plugins for Editor in 0.00 ms.
Unloading 1977 Unused Serialized files (Serialized files now loaded: 0)
System memory in use before: 165.5 MB.
System memory in use after: 165.5 MB.

Unloading 12 unused Assets to reduce memory usage. Loaded Objects now: 2487.
Total: 4.366744 ms (FindLiveObjects: 0.485982 ms CreateObjectMapping: 0.127345 ms MarkObjects: 3.524469 ms  DeleteObjects: 0.225712 ms)

========================================================================
Received Prepare
Registering precompiled user dll's ...
Registered in 0.001731 seconds.
Begin MonoManager ReloadAssembly
Native extension for OSXStandalone target not found
Refreshing native plugins compatible for Editor in 1.08 ms, found 2 plugins.
Preloading 0 native plugins for Editor in 0.00 ms.
Invoked RoslynAnalysisRunner static constructor.
RoslynAnalysisRunner will not be running.
RoslynAnalysisRunner has terminated.
Mono: successfully reloaded assembly
- Completed reload, in  1.846 seconds
Platform modules already initialized, skipping
Refreshing native plugins compatible for Editor in 1.13 ms, found 2 plugins.
Preloading 0 native plugins for Editor in 0.00 ms.
Unloading 1977 Unused Serialized files (Serialized files now loaded: 0)
System memory in use before: 165.6 MB.
System memory in use after: 165.6 MB.

Unloading 12 unused Assets to reduce memory usage. Loaded Objects now: 2491.
Total: 4.149611 ms (FindLiveObjects: 0.392496 ms CreateObjectMapping: 0.134826 ms MarkObjects: 3.414126 ms  DeleteObjects: 0.205758 ms)

========================================================================
Received Prepare
Registering precompiled user dll's ...
Registered in 0.001588 seconds.
Begin MonoManager ReloadAssembly
Native extension for OSXStandalone target not found
Refreshing native plugins compatible for Editor in 1.15 ms, found 2 plugins.
Preloading 0 native plugins for Editor in 0.00 ms.
Invoked RoslynAnalysisRunner static constructor.
RoslynAnalysisRunner will not be running.
RoslynAnalysisRunner has terminated.
Mono: successfully reloaded assembly
- Completed reload, in  1.837 seconds
Platform modules already initialized, skipping
Refreshing native plugins compatible for Editor in 1.08 ms, found 2 plugins.
Preloading 0 native plugins for Editor in 0.00 ms.
Unloading 1977 Unused Serialized files (Serialized files now loaded: 0)
System memory in use before: 165.8 MB.
System memory in use after: 165.8 MB.

Unloading 12 unused Assets to reduce memory usage. Loaded Objects now: 2495.
Total: 4.740424 ms (FindLiveObjects: 0.506610 ms CreateObjectMapping: 0.187029 ms MarkObjects: 3.811062 ms  DeleteObjects: 0.232084 ms)

